<?xml version="1.0" encoding="UTF-8"?>
<!-- Generated by org.testng.reporters.JUnitXMLReporter -->
<testsuite ignored="4" hostname="Bhawna" failures="0" tests="1" name="Default test" time="22.62" errors="0" timestamp="2023-06-18T17:14:12 PDT">
  <testcase classname="com.automation.tests.LeadsTest" name="checkToCreateNewlyLeadPage26" time="20.332"/>
  <testcase classname="com.automation.tests.LeadsTest" name="checkTodaysLeaddropdownButtonTest25" time="0.0">
    <ignored/>
  </testcase> <!-- checkTodaysLeaddropdownButtonTest25 -->
  <testcase classname="com.automation.tests.LeadsTest" name="checkGoFunctionalityTest24" time="0.0">
    <ignored/>
  </testcase> <!-- checkGoFunctionalityTest24 -->
  <testcase classname="com.automation.tests.LeadsTest" name="validatingViewDropDownelementTest23" time="0.0">
    <ignored/>
  </testcase> <!-- validatingViewDropDownelementTest23 -->
  <testcase classname="com.automation.tests.LeadsTest" name="checkLeadsLinkFunctionalityTest22" time="0.0">
    <ignored/>
  </testcase> <!-- checkLeadsLinkFunctionalityTest22 -->
</testsuite> <!-- Default test -->
