<?xml version="1.0" encoding="UTF-8"?>
<testng-results ignored="4" total="5" passed="1" failed="0" skipped="0">
  <reporter-output>
  </reporter-output>
  <suite started-at="2023-06-18T17:13:49 PDT" name="Default suite" finished-at="2023-06-18T17:14:12 PDT" duration-ms="22620">
    <groups>
    </groups>
    <test started-at="2023-06-18T17:13:49 PDT" name="Default test" finished-at="2023-06-18T17:14:12 PDT" duration-ms="22620">
      <class name="com.automation.tests.LeadsTest">
        <test-method is-config="true" signature="setUpBeforeTest()[pri:0, instance:com.automation.tests.LeadsTest@747ddf94]" started-at="2023-06-18T17:13:49 PDT" name="setUpBeforeTest" finished-at="2023-06-18T17:13:50 PDT" duration-ms="299" status="PASS">
          <reporter-output>
          </reporter-output>
        </test-method> <!-- setUpBeforeTest -->
        <test-method is-config="true" signature="setUpBeforeTestMethod()[pri:0, instance:com.automation.tests.LeadsTest@747ddf94]" started-at="2023-06-18T17:13:50 PDT" name="setUpBeforeTestMethod" finished-at="2023-06-18T17:13:52 PDT" duration-ms="1807" status="PASS">
          <reporter-output>
          </reporter-output>
        </test-method> <!-- setUpBeforeTestMethod -->
        <test-method signature="checkToCreateNewlyLeadPage26()[pri:0, instance:com.automation.tests.LeadsTest@747ddf94]" started-at="2023-06-18T17:13:52 PDT" name="checkToCreateNewlyLeadPage26" finished-at="2023-06-18T17:14:12 PDT" duration-ms="20332" status="PASS">
          <reporter-output>
          </reporter-output>
        </test-method> <!-- checkToCreateNewlyLeadPage26 -->
        <test-method is-config="true" signature="setUpAfterTestMethod()[pri:0, instance:com.automation.tests.LeadsTest@747ddf94]" started-at="2023-06-18T17:14:12 PDT" name="setUpAfterTestMethod" finished-at="2023-06-18T17:14:12 PDT" duration-ms="161" status="PASS">
          <reporter-output>
          </reporter-output>
        </test-method> <!-- setUpAfterTestMethod -->
      </class> <!-- com.automation.tests.LeadsTest -->
    </test> <!-- Default test -->
  </suite> <!-- Default suite -->
</testng-results>
